<testsuite name="Mocha Tests" tests="1" failures="1" errors="1" skipped="0" timestamp="Sun, 26 Apr 2015 13:47:59 GMT" time="0.005">
<testcase classname="Api tests issueAsset" name="should create an inssue asset trasantion" time="0.001"><failure><![CDATA[request is not defined
ReferenceError: request is not defined
    at Context.&lt;anonymous&gt; (C:\Dropbox\git\coloredcoind\test\issueAssetV2.js:44:6)]]></failure></testcase>
</testsuite>
